<?xml version="1.0" encoding="UTF-8"?>
<!-- Generated by org.testng.reporters.JUnitReportReporter -->
<testsuite skipped="0" hostname="DESKTOP-9F7UL5A" name="com.ecommerce.Automation_Framework.LoginTest" tests="1" failures="0" timestamp="22 Jun 2020 16:31:17 GMT" time="37.763" errors="0">
  <testcase name="verifyLogin" time="37.763" classname="com.ecommerce.Automation_Framework.LoginTest"/>
</testsuite> <!-- com.ecommerce.Automation_Framework.LoginTest -->
