<?xml version="1.0" encoding="UTF-8"?>
<!-- Generated by org.testng.reporters.JUnitReportReporter -->
<testsuite skipped="0" hostname="DESKTOP-9F7UL5A" name="com.ecommerce.Automation_Framework.HomePageTest" tests="1" failures="0" timestamp="25 Jun 2020 09:19:58 GMT" time="17.237" errors="0">
  <testcase name="verifysendContactMessage" time="17.237" classname="com.ecommerce.Automation_Framework.HomePageTest"/>
</testsuite> <!-- com.ecommerce.Automation_Framework.HomePageTest -->
